2020-12-14 16:01:24,464 INFO [admin] [read_yaml.py(read_yaml:12)] - 读取参数化文件add_account.yaml
2020-12-14 16:01:24,564 INFO [admin] [read_yaml.py(read_yaml:12)] - 读取参数化文件list_account.yaml
2020-12-14 16:01:24,588 INFO [admin] [read_yaml.py(read_yaml:12)] - 读取参数化文件login.yaml
2020-12-14 16:01:24,601 INFO [admin] [read_yaml.py(read_yaml:12)] - 读取参数化文件logout_prepare.yaml
2020-12-14 16:01:24,629 INFO [admin] [read_yaml.py(read_yaml:12)] - 读取参数化文件notice_all.yaml
2020-12-14 16:01:24,637 INFO [admin] [read_yaml.py(read_yaml:12)] - 读取参数化文件notice_one.yaml
2020-12-14 16:01:24,645 INFO [admin] [read_yaml.py(read_yaml:12)] - 读取参数化文件notice_published.yaml
2020-12-14 16:05:51,139 INFO [admin] [read_yaml.py(read_yaml:12)] - 读取参数化文件add_account.yaml
2020-12-14 16:05:51,180 INFO [admin] [read_yaml.py(read_yaml:12)] - 读取参数化文件list_account.yaml
2020-12-14 16:05:51,203 INFO [admin] [read_yaml.py(read_yaml:12)] - 读取参数化文件login.yaml
2020-12-14 16:05:51,216 INFO [admin] [read_yaml.py(read_yaml:12)] - 读取参数化文件logout_prepare.yaml
2020-12-14 16:05:51,233 INFO [admin] [read_yaml.py(read_yaml:12)] - 读取参数化文件notice_all.yaml
2020-12-14 16:05:51,240 INFO [admin] [read_yaml.py(read_yaml:12)] - 读取参数化文件notice_one.yaml
2020-12-14 16:05:51,246 INFO [admin] [read_yaml.py(read_yaml:12)] - 读取参数化文件notice_published.yaml
2020-12-14 16:07:06,858 INFO [admin] [read_yaml.py(read_yaml:12)] - 读取参数化文件add_account.yaml
2020-12-14 16:07:06,897 INFO [admin] [read_yaml.py(read_yaml:12)] - 读取参数化文件list_account.yaml
2020-12-14 16:07:06,920 INFO [admin] [read_yaml.py(read_yaml:12)] - 读取参数化文件login.yaml
2020-12-14 16:07:06,931 INFO [admin] [read_yaml.py(read_yaml:12)] - 读取参数化文件logout_prepare.yaml
2020-12-14 16:07:06,947 INFO [admin] [read_yaml.py(read_yaml:12)] - 读取参数化文件notice_all.yaml
2020-12-14 16:07:06,954 INFO [admin] [read_yaml.py(read_yaml:12)] - 读取参数化文件notice_one.yaml
2020-12-14 16:07:06,960 INFO [admin] [read_yaml.py(read_yaml:12)] - 读取参数化文件notice_published.yaml
2020-12-14 16:10:58,149 INFO [admin] [read_yaml.py(read_yaml:12)] - 读取参数化文件login.yaml
2020-12-14 16:13:54,024 INFO [admin] [read_yaml.py(read_yaml:12)] - 读取参数化文件add_account.yaml
2020-12-14 16:13:54,065 INFO [admin] [read_yaml.py(read_yaml:12)] - 读取参数化文件list_account.yaml
2020-12-14 16:13:54,086 INFO [admin] [read_yaml.py(read_yaml:12)] - 读取参数化文件login.yaml
2020-12-14 16:13:54,098 INFO [admin] [read_yaml.py(read_yaml:12)] - 读取参数化文件logout_prepare.yaml
2020-12-14 16:13:54,114 INFO [admin] [read_yaml.py(read_yaml:12)] - 读取参数化文件notice_all.yaml
2020-12-14 16:13:54,122 INFO [admin] [read_yaml.py(read_yaml:12)] - 读取参数化文件notice_one.yaml
2020-12-14 16:13:54,128 INFO [admin] [read_yaml.py(read_yaml:12)] - 读取参数化文件notice_published.yaml
2020-12-14 16:17:19,490 INFO [admin] [read_yaml.py(read_yaml:12)] - 读取参数化文件add_account.yaml
2020-12-14 16:17:19,532 INFO [admin] [read_yaml.py(read_yaml:12)] - 读取参数化文件list_account.yaml
2020-12-14 16:17:19,555 INFO [admin] [read_yaml.py(read_yaml:12)] - 读取参数化文件login.yaml
2020-12-14 16:17:19,567 INFO [admin] [read_yaml.py(read_yaml:12)] - 读取参数化文件logout_prepare.yaml
2020-12-14 16:17:19,583 INFO [admin] [read_yaml.py(read_yaml:12)] - 读取参数化文件notice_all.yaml
2020-12-14 16:17:19,589 INFO [admin] [read_yaml.py(read_yaml:12)] - 读取参数化文件notice_one.yaml
2020-12-14 16:17:19,596 INFO [admin] [read_yaml.py(read_yaml:12)] - 读取参数化文件notice_published.yaml
2020-12-14 16:20:09,211 INFO [admin] [read_yaml.py(read_yaml:12)] - 读取参数化文件add_account.yaml
2020-12-14 16:20:09,250 INFO [admin] [read_yaml.py(read_yaml:12)] - 读取参数化文件list_account.yaml
2020-12-14 16:20:09,272 INFO [admin] [read_yaml.py(read_yaml:12)] - 读取参数化文件login.yaml
2020-12-14 16:20:09,283 INFO [admin] [read_yaml.py(read_yaml:12)] - 读取参数化文件logout_prepare.yaml
2020-12-14 16:20:09,298 INFO [admin] [read_yaml.py(read_yaml:12)] - 读取参数化文件notice_all.yaml
2020-12-14 16:20:09,304 INFO [admin] [read_yaml.py(read_yaml:12)] - 读取参数化文件notice_one.yaml
2020-12-14 16:20:09,311 INFO [admin] [read_yaml.py(read_yaml:12)] - 读取参数化文件notice_published.yaml
2020-12-14 16:22:28,347 INFO [admin] [read_yaml.py(read_yaml:12)] - 读取参数化文件add_account.yaml
2020-12-14 16:22:28,427 INFO [admin] [read_yaml.py(read_yaml:12)] - 读取参数化文件list_account.yaml
2020-12-14 16:22:28,457 INFO [admin] [read_yaml.py(read_yaml:12)] - 读取参数化文件login.yaml
2020-12-14 16:22:28,468 INFO [admin] [read_yaml.py(read_yaml:12)] - 读取参数化文件logout_prepare.yaml
2020-12-14 16:22:28,484 INFO [admin] [read_yaml.py(read_yaml:12)] - 读取参数化文件notice_all.yaml
2020-12-14 16:22:28,491 INFO [admin] [read_yaml.py(read_yaml:12)] - 读取参数化文件notice_one.yaml
2020-12-14 16:22:28,497 INFO [admin] [read_yaml.py(read_yaml:12)] - 读取参数化文件notice_published.yaml
2020-12-14 16:23:48,618 INFO [admin] [read_yaml.py(read_yaml:12)] - 读取参数化文件add_account.yaml
2020-12-14 16:23:48,660 INFO [admin] [read_yaml.py(read_yaml:12)] - 读取参数化文件list_account.yaml
2020-12-14 16:23:48,684 INFO [admin] [read_yaml.py(read_yaml:12)] - 读取参数化文件login.yaml
2020-12-14 16:23:48,696 INFO [admin] [read_yaml.py(read_yaml:12)] - 读取参数化文件logout_prepare.yaml
2020-12-14 16:23:48,711 INFO [admin] [read_yaml.py(read_yaml:12)] - 读取参数化文件notice_all.yaml
2020-12-14 16:23:48,718 INFO [admin] [read_yaml.py(read_yaml:12)] - 读取参数化文件notice_one.yaml
2020-12-14 16:23:48,726 INFO [admin] [read_yaml.py(read_yaml:12)] - 读取参数化文件notice_published.yaml
